<?xml version="1.0" encoding="UTF-8"?>
<testng-results skipped="0" failed="0" ignored="0" total="2" passed="2">
  <reporter-output>
  </reporter-output>
  <suite name="Register test" duration-ms="805" started-at="2022-07-04T18:53:45 EDT" finished-at="2022-07-04T18:53:45 EDT">
    <groups>
    </groups>
    <test name="Register user" duration-ms="805" started-at="2022-07-04T18:53:45 EDT" finished-at="2022-07-04T18:53:45 EDT">
      <class name="com.project2.TestRegistration">
        <test-method status="PASS" signature="testUserDaoInsertNegative()[pri:0, instance:com.project2.TestRegistration@87f383f]" name="testUserDaoInsertNegative" duration-ms="719" started-at="2022-07-04T18:53:45 EDT" finished-at="2022-07-04T18:53:45 EDT">
          <reporter-output>
          </reporter-output>
        </test-method> <!-- testUserDaoInsertNegative -->
        <test-method status="PASS" signature="testUserDaoInsertPositive()[pri:0, instance:com.project2.TestRegistration@87f383f]" name="testUserDaoInsertPositive" duration-ms="50" started-at="2022-07-04T18:53:45 EDT" finished-at="2022-07-04T18:53:45 EDT">
          <reporter-output>
          </reporter-output>
        </test-method> <!-- testUserDaoInsertPositive -->
      </class> <!-- com.project2.TestRegistration -->
    </test> <!-- Register user -->
  </suite> <!-- Register test -->
</testng-results>
