<?xml version="1.0" encoding="UTF-8"?>
<!-- Generated by org.testng.reporters.JUnitXMLReporter -->
<testsuite hostname="OT" ignored="0" name="Mocking creating user in Database" tests="2" failures="1" timestamp="2022-07-04T18:42:24 EDT" time="0.809" errors="0">
  <testcase name="testUserDaoInsertNegative" time="0.724" classname="com.project2.TestRegistration"/>
  <testcase name="testUserDaoInsertPositive" time="0.051" classname="com.project2.TestRegistration">
    <failure type="java.lang.AssertionError" message="expected object to not be null">
      <![CDATA[java.lang.AssertionError: expected object to not be null
at com.project2.TestRegistration.testUserDaoInsertPositive(TestRegistration.java:18)
at java.util.ArrayList.forEach(ArrayList.java:1259)
... Removed 34 stack frames]]>
    </failure>
  </testcase> <!-- testUserDaoInsertPositive -->
</testsuite> <!-- Mocking creating user in Database -->
